{"C:\\Users\\mliwski\\development\\mochaTests\\src\\app.js":{"path":"C:\\Users\\mliwski\\development\\mochaTests\\src\\app.js","s":{"1":1,"2":1,"3":1,"4":1,"5":1,"6":1,"7":1,"8":1,"9":0,"10":0,"11":0,"12":0,"13":0,"14":0,"15":0,"16":0,"17":0,"18":1,"19":1,"20":1,"21":1,"22":1},"b":{"1":[0,0],"2":[0,0],"3":[0,0],"4":[0,0]},"f":{"1":0,"2":1},"fnMap":{"1":{"name":"(anonymous_1)","line":27,"loc":{"start":{"line":27,"column":8},"end":{"line":27,"column":40}}},"2":{"name":"(anonymous_2)","line":47,"loc":{"start":{"line":47,"column":30},"end":{"line":47,"column":42}}}},"statementMap":{"1":{"start":{"line":1,"column":0},"end":{"line":1,"column":33}},"2":{"start":{"line":2,"column":0},"end":{"line":2,"column":40}},"3":{"start":{"line":3,"column":0},"end":{"line":3,"column":20}},"4":{"start":{"line":5,"column":0},"end":{"line":5,"column":58}},"5":{"start":{"line":7,"column":0},"end":{"line":7,"column":41}},"6":{"start":{"line":10,"column":0},"end":{"line":10,"column":27}},"7":{"start":{"line":21,"column":0},"end":{"line":21,"column":30}},"8":{"start":{"line":27,"column":0},"end":{"line":44,"column":3}},"9":{"start":{"line":28,"column":4},"end":{"line":30,"column":5}},"10":{"start":{"line":29,"column":8},"end":{"line":29,"column":35}},"11":{"start":{"line":32,"column":4},"end":{"line":32,"column":24}},"12":{"start":{"line":35,"column":4},"end":{"line":38,"column":5}},"13":{"start":{"line":36,"column":8},"end":{"line":36,"column":21}},"14":{"start":{"line":37,"column":8},"end":{"line":37,"column":32}},"15":{"start":{"line":41,"column":4},"end":{"line":41,"column":30}},"16":{"start":{"line":42,"column":4},"end":{"line":42,"column":63}},"17":{"start":{"line":43,"column":4},"end":{"line":43,"column":14}},"18":{"start":{"line":46,"column":0},"end":{"line":46,"column":31}},"19":{"start":{"line":47,"column":0},"end":{"line":54,"column":3}},"20":{"start":{"line":49,"column":4},"end":{"line":49,"column":40}},"21":{"start":{"line":50,"column":4},"end":{"line":50,"column":37}},"22":{"start":{"line":52,"column":4},"end":{"line":52,"column":69}}},"branchMap":{"1":{"line":28,"type":"if","locations":[{"start":{"line":28,"column":4},"end":{"line":28,"column":4}},{"start":{"line":28,"column":4},"end":{"line":28,"column":4}}]},"2":{"line":35,"type":"if","locations":[{"start":{"line":35,"column":4},"end":{"line":35,"column":4}},{"start":{"line":35,"column":4},"end":{"line":35,"column":4}}]},"3":{"line":41,"type":"binary-expr","locations":[{"start":{"line":41,"column":15},"end":{"line":41,"column":21}},{"start":{"line":41,"column":25},"end":{"line":41,"column":28}}]},"4":{"line":42,"type":"binary-expr","locations":[{"start":{"line":42,"column":27},"end":{"line":42,"column":34}},{"start":{"line":42,"column":38},"end":{"line":42,"column":61}}]}}},"C:\\Users\\mliwski\\development\\mochaTests\\src\\moduleTest\\moduleTestRoutes.js":{"path":"C:\\Users\\mliwski\\development\\mochaTests\\src\\moduleTest\\moduleTestRoutes.js","s":{"1":1,"2":1,"3":1,"4":1,"5":0,"6":0,"7":0,"8":1,"9":0,"10":0,"11":1,"12":0,"13":0,"14":1,"15":0,"16":0,"17":1,"18":0,"19":0,"20":1},"b":{},"f":{"1":0,"2":0,"3":0,"4":0,"5":0,"6":0,"7":0,"8":0,"9":0,"10":0},"fnMap":{"1":{"name":"(anonymous_1)","line":8,"loc":{"start":{"line":8,"column":17},"end":{"line":8,"column":43}}},"2":{"name":"(anonymous_2)","line":10,"loc":{"start":{"line":10,"column":42},"end":{"line":10,"column":59}}},"3":{"name":"(anonymous_3)","line":15,"loc":{"start":{"line":15,"column":16},"end":{"line":15,"column":42}}},"4":{"name":"(anonymous_4)","line":16,"loc":{"start":{"line":16,"column":35},"end":{"line":16,"column":52}}},"5":{"name":"(anonymous_5)","line":21,"loc":{"start":{"line":21,"column":19},"end":{"line":21,"column":45}}},"6":{"name":"(anonymous_6)","line":22,"loc":{"start":{"line":22,"column":47},"end":{"line":22,"column":64}}},"7":{"name":"(anonymous_7)","line":27,"loc":{"start":{"line":27,"column":19},"end":{"line":27,"column":45}}},"8":{"name":"(anonymous_8)","line":28,"loc":{"start":{"line":28,"column":60},"end":{"line":28,"column":77}}},"9":{"name":"(anonymous_9)","line":33,"loc":{"start":{"line":33,"column":22},"end":{"line":33,"column":48}}},"10":{"name":"(anonymous_10)","line":34,"loc":{"start":{"line":34,"column":50},"end":{"line":34,"column":67}}}},"statementMap":{"1":{"start":{"line":3,"column":0},"end":{"line":3,"column":33}},"2":{"start":{"line":4,"column":0},"end":{"line":4,"column":30}},"3":{"start":{"line":6,"column":0},"end":{"line":6,"column":57}},"4":{"start":{"line":8,"column":0},"end":{"line":13,"column":3}},"5":{"start":{"line":9,"column":4},"end":{"line":9,"column":42}},"6":{"start":{"line":10,"column":4},"end":{"line":12,"column":19}},"7":{"start":{"line":11,"column":8},"end":{"line":11,"column":25}},"8":{"start":{"line":15,"column":0},"end":{"line":19,"column":3}},"9":{"start":{"line":16,"column":4},"end":{"line":18,"column":19}},"10":{"start":{"line":17,"column":8},"end":{"line":17,"column":25}},"11":{"start":{"line":21,"column":0},"end":{"line":25,"column":3}},"12":{"start":{"line":22,"column":4},"end":{"line":24,"column":19}},"13":{"start":{"line":23,"column":8},"end":{"line":23,"column":25}},"14":{"start":{"line":27,"column":0},"end":{"line":31,"column":3}},"15":{"start":{"line":28,"column":4},"end":{"line":30,"column":19}},"16":{"start":{"line":29,"column":8},"end":{"line":29,"column":25}},"17":{"start":{"line":33,"column":0},"end":{"line":37,"column":3}},"18":{"start":{"line":34,"column":4},"end":{"line":36,"column":19}},"19":{"start":{"line":35,"column":8},"end":{"line":35,"column":25}},"20":{"start":{"line":39,"column":0},"end":{"line":39,"column":24}}},"branchMap":{}},"C:\\Users\\mliwski\\development\\mochaTests\\src\\moduleTest\\moduleTestServices.js":{"path":"C:\\Users\\mliwski\\development\\mochaTests\\src\\moduleTest\\moduleTestServices.js","s":{"1":1,"2":1,"3":0,"4":1,"5":0,"6":1,"7":0,"8":1,"9":0,"10":1,"11":0,"12":1},"b":{},"f":{"1":0,"2":0,"3":0,"4":0,"5":0},"fnMap":{"1":{"name":"(anonymous_1)","line":5,"loc":{"start":{"line":5,"column":10},"end":{"line":5,"column":27}}},"2":{"name":"(anonymous_2)","line":9,"loc":{"start":{"line":9,"column":11},"end":{"line":9,"column":21}}},"3":{"name":"(anonymous_3)","line":13,"loc":{"start":{"line":13,"column":10},"end":{"line":13,"column":23}}},"4":{"name":"(anonymous_4)","line":17,"loc":{"start":{"line":17,"column":13},"end":{"line":17,"column":34}}},"5":{"name":"(anonymous_5)","line":21,"loc":{"start":{"line":21,"column":13},"end":{"line":21,"column":26}}}},"statementMap":{"1":{"start":{"line":3,"column":0},"end":{"line":3,"column":61}},"2":{"start":{"line":5,"column":0},"end":{"line":7,"column":2}},"3":{"start":{"line":6,"column":4},"end":{"line":6,"column":44}},"4":{"start":{"line":9,"column":0},"end":{"line":11,"column":2}},"5":{"start":{"line":10,"column":4},"end":{"line":10,"column":39}},"6":{"start":{"line":13,"column":0},"end":{"line":15,"column":2}},"7":{"start":{"line":14,"column":4},"end":{"line":14,"column":40}},"8":{"start":{"line":17,"column":0},"end":{"line":19,"column":2}},"9":{"start":{"line":18,"column":4},"end":{"line":18,"column":51}},"10":{"start":{"line":21,"column":0},"end":{"line":23,"column":2}},"11":{"start":{"line":22,"column":4},"end":{"line":22,"column":43}},"12":{"start":{"line":25,"column":0},"end":{"line":31,"column":2}}},"branchMap":{}},"C:\\Users\\mliwski\\development\\mochaTests\\src\\moduleTest\\moduleTestCollection.js":{"path":"C:\\Users\\mliwski\\development\\mochaTests\\src\\moduleTest\\moduleTestCollection.js","s":{"1":1,"2":1,"3":1,"4":1,"5":1,"6":1,"7":1,"8":0,"9":0,"10":0,"11":0,"12":0,"13":1,"14":0,"15":0,"16":0,"17":0,"18":0,"19":0,"20":0,"21":1,"22":0,"23":0,"24":0,"25":0,"26":0,"27":1,"28":0,"29":0,"30":0,"31":0,"32":0,"33":0,"34":0,"35":0,"36":0,"37":1,"38":0,"39":0,"40":0,"41":1,"42":0,"43":0,"44":0,"45":0,"46":0,"47":0,"48":0,"49":1,"50":0,"51":0,"52":0,"53":0,"54":0,"55":0,"56":0,"57":0,"58":0,"59":0,"60":1,"61":0,"62":1},"b":{"1":[0,0],"2":[0,0],"3":[0,0],"4":[0,0],"5":[0,0,0]},"f":{"1":0,"2":0,"3":0,"4":0,"5":0,"6":0,"7":0,"8":0,"9":0,"10":0},"fnMap":{"1":{"name":"(anonymous_1)","line":13,"loc":{"start":{"line":13,"column":10},"end":{"line":13,"column":27}}},"2":{"name":"(anonymous_2)","line":23,"loc":{"start":{"line":23,"column":11},"end":{"line":23,"column":21}}},"3":{"name":"(anonymous_3)","line":26,"loc":{"start":{"line":26,"column":39},"end":{"line":26,"column":55}}},"4":{"name":"(anonymous_4)","line":36,"loc":{"start":{"line":36,"column":10},"end":{"line":36,"column":23}}},"5":{"name":"(anonymous_5)","line":46,"loc":{"start":{"line":46,"column":13},"end":{"line":46,"column":40}}},"6":{"name":"firstLevelPropertiesUpdate","line":61,"loc":{"start":{"line":61,"column":0},"end":{"line":61,"column":57}}},"7":{"name":"(anonymous_7)","line":62,"loc":{"start":{"line":62,"column":27},"end":{"line":62,"column":42}}},"8":{"name":"(anonymous_8)","line":68,"loc":{"start":{"line":68,"column":13},"end":{"line":68,"column":26}}},"9":{"name":"adaptResponseToStandardFields","line":82,"loc":{"start":{"line":82,"column":0},"end":{"line":82,"column":47}}},"10":{"name":"isValidObject","line":98,"loc":{"start":{"line":98,"column":0},"end":{"line":98,"column":31}}}},"statementMap":{"1":{"start":{"line":3,"column":0},"end":{"line":3,"column":29}},"2":{"start":{"line":4,"column":0},"end":{"line":4,"column":30}},"3":{"start":{"line":6,"column":0},"end":{"line":6,"column":31}},"4":{"start":{"line":7,"column":0},"end":{"line":7,"column":46}},"5":{"start":{"line":9,"column":0},"end":{"line":9,"column":42}},"6":{"start":{"line":11,"column":0},"end":{"line":11,"column":38}},"7":{"start":{"line":13,"column":0},"end":{"line":21,"column":2}},"8":{"start":{"line":14,"column":4},"end":{"line":20,"column":5}},"9":{"start":{"line":15,"column":8},"end":{"line":15,"column":59}},"10":{"start":{"line":16,"column":8},"end":{"line":16,"column":76}},"11":{"start":{"line":17,"column":8},"end":{"line":17,"column":52}},"12":{"start":{"line":19,"column":8},"end":{"line":19,"column":41}},"13":{"start":{"line":23,"column":0},"end":{"line":34,"column":2}},"14":{"start":{"line":24,"column":4},"end":{"line":33,"column":5}},"15":{"start":{"line":25,"column":8},"end":{"line":25,"column":43}},"16":{"start":{"line":26,"column":8},"end":{"line":28,"column":11}},"17":{"start":{"line":27,"column":12},"end":{"line":27,"column":57}},"18":{"start":{"line":29,"column":8},"end":{"line":29,"column":52}},"19":{"start":{"line":31,"column":8},"end":{"line":31,"column":43}},"20":{"start":{"line":32,"column":8},"end":{"line":32,"column":41}},"21":{"start":{"line":36,"column":0},"end":{"line":44,"column":2}},"22":{"start":{"line":37,"column":4},"end":{"line":43,"column":5}},"23":{"start":{"line":38,"column":8},"end":{"line":38,"column":49}},"24":{"start":{"line":39,"column":8},"end":{"line":39,"column":73}},"25":{"start":{"line":40,"column":8},"end":{"line":40,"column":52}},"26":{"start":{"line":42,"column":8},"end":{"line":42,"column":41}},"27":{"start":{"line":46,"column":0},"end":{"line":60,"column":2}},"28":{"start":{"line":47,"column":4},"end":{"line":59,"column":5}},"29":{"start":{"line":48,"column":8},"end":{"line":48,"column":49}},"30":{"start":{"line":49,"column":8},"end":{"line":51,"column":9}},"31":{"start":{"line":50,"column":12},"end":{"line":50,"column":126}},"32":{"start":{"line":53,"column":8},"end":{"line":53,"column":82}},"33":{"start":{"line":54,"column":8},"end":{"line":54,"column":45}},"34":{"start":{"line":55,"column":8},"end":{"line":55,"column":75}},"35":{"start":{"line":56,"column":8},"end":{"line":56,"column":52}},"36":{"start":{"line":58,"column":8},"end":{"line":58,"column":41}},"37":{"start":{"line":61,"column":0},"end":{"line":66,"column":1}},"38":{"start":{"line":62,"column":4},"end":{"line":64,"column":7}},"39":{"start":{"line":63,"column":8},"end":{"line":63,"column":39}},"40":{"start":{"line":65,"column":4},"end":{"line":65,"column":23}},"41":{"start":{"line":68,"column":0},"end":{"line":80,"column":2}},"42":{"start":{"line":69,"column":4},"end":{"line":79,"column":5}},"43":{"start":{"line":70,"column":8},"end":{"line":70,"column":49}},"44":{"start":{"line":71,"column":8},"end":{"line":73,"column":9}},"45":{"start":{"line":72,"column":12},"end":{"line":72,"column":126}},"46":{"start":{"line":75,"column":8},"end":{"line":75,"column":63}},"47":{"start":{"line":76,"column":8},"end":{"line":76,"column":50}},"48":{"start":{"line":78,"column":8},"end":{"line":78,"column":41}},"49":{"start":{"line":82,"column":0},"end":{"line":97,"column":1}},"50":{"start":{"line":83,"column":4},"end":{"line":96,"column":5}},"51":{"start":{"line":84,"column":8},"end":{"line":84,"column":46}},"52":{"start":{"line":85,"column":8},"end":{"line":85,"column":39}},"53":{"start":{"line":86,"column":8},"end":{"line":86,"column":116}},"54":{"start":{"line":88,"column":8},"end":{"line":88,"column":37}},"55":{"start":{"line":89,"column":8},"end":{"line":89,"column":36}},"56":{"start":{"line":91,"column":8},"end":{"line":91,"column":32}},"57":{"start":{"line":92,"column":8},"end":{"line":92,"column":48}},"58":{"start":{"line":93,"column":8},"end":{"line":93,"column":31}},"59":{"start":{"line":95,"column":8},"end":{"line":95,"column":18}},"60":{"start":{"line":98,"column":0},"end":{"line":100,"column":1}},"61":{"start":{"line":99,"column":4},"end":{"line":99,"column":104}},"62":{"start":{"line":102,"column":0},"end":{"line":108,"column":2}}},"branchMap":{"1":{"line":49,"type":"if","locations":[{"start":{"line":49,"column":8},"end":{"line":49,"column":8}},{"start":{"line":49,"column":8},"end":{"line":49,"column":8}}]},"2":{"line":71,"type":"if","locations":[{"start":{"line":71,"column":8},"end":{"line":71,"column":8}},{"start":{"line":71,"column":8},"end":{"line":71,"column":8}}]},"3":{"line":83,"type":"if","locations":[{"start":{"line":83,"column":4},"end":{"line":83,"column":4}},{"start":{"line":83,"column":4},"end":{"line":83,"column":4}}]},"4":{"line":86,"type":"cond-expr","locations":[{"start":{"line":86,"column":56},"end":{"line":86,"column":84}},{"start":{"line":86,"column":87},"end":{"line":86,"column":115}}]},"5":{"line":99,"type":"binary-expr","locations":[{"start":{"line":99,"column":11},"end":{"line":99,"column":37}},{"start":{"line":99,"column":41},"end":{"line":99,"column":72}},{"start":{"line":99,"column":76},"end":{"line":99,"column":103}}]}}},"C:\\Users\\mliwski\\development\\mochaTests\\src\\commons\\errors.js":{"path":"C:\\Users\\mliwski\\development\\mochaTests\\src\\commons\\errors.js","s":{"1":1,"2":0,"3":0,"4":1,"5":1,"6":1},"b":{"1":[0,0]},"f":{"1":0},"fnMap":{"1":{"name":"NotFoundError","line":3,"loc":{"start":{"line":3,"column":0},"end":{"line":3,"column":32}}}},"statementMap":{"1":{"start":{"line":3,"column":0},"end":{"line":6,"column":1}},"2":{"start":{"line":4,"column":4},"end":{"line":4,"column":32}},"3":{"start":{"line":5,"column":4},"end":{"line":5,"column":49}},"4":{"start":{"line":7,"column":0},"end":{"line":7,"column":57}},"5":{"start":{"line":8,"column":0},"end":{"line":8,"column":52}},"6":{"start":{"line":10,"column":0},"end":{"line":12,"column":2}}},"branchMap":{"1":{"line":5,"type":"binary-expr","locations":[{"start":{"line":5,"column":19},"end":{"line":5,"column":26}},{"start":{"line":5,"column":30},"end":{"line":5,"column":48}}]}}}}